<?xml version="1.0" encoding="UTF-8"?>
<coverage generated="1585816282008" clover="3.2.0">
  <project timestamp="1585816282009" name="All files">
    <metrics statements="22" coveredstatements="22" conditionals="7" coveredconditionals="6" methods="10" coveredmethods="10" elements="39" coveredelements="38" complexity="0" loc="22" ncloc="22" packages="1" files="1" classes="1"/>
    <file name="lexer.js" path="C:\Users\Duque\Documents\Procesadores_Lenguajes_Projects\practica7\lexer.js">
      <metrics statements="22" coveredstatements="22" conditionals="7" coveredconditionals="6" methods="10" coveredmethods="10"/>
      <line num="19" count="5" type="stmt"/>
      <line num="20" count="5" type="stmt"/>
      <line num="21" count="1" type="stmt"/>
      <line num="22" count="5" type="cond" truecount="2" falsecount="0"/>
      <line num="25" count="1" type="stmt"/>
      <line num="26" count="5" type="stmt"/>
      <line num="27" count="1" type="stmt"/>
      <line num="29" count="1" type="stmt"/>
      <line num="32" count="1" type="stmt"/>
      <line num="34" count="59" type="stmt"/>
      <line num="36" count="14" type="stmt"/>
      <line num="38" count="1" type="stmt"/>
      <line num="40" count="3" type="stmt"/>
      <line num="41" count="3" type="stmt"/>
      <line num="44" count="3" type="stmt"/>
      <line num="45" count="27" type="stmt"/>
      <line num="47" count="27" type="stmt"/>
      <line num="48" count="27" type="cond" truecount="2" falsecount="0"/>
      <line num="50" count="3" type="cond" truecount="2" falsecount="0"/>
      <line num="51" count="1" type="stmt"/>
      <line num="52" count="3" type="stmt"/>
      <line num="56" count="1" type="stmt"/>
    </file>
  </project>
</coverage>
