{"C:\\Users\\Duque\\Documents\\Procesadores_Lenguajes_Projects\\practica7\\lexer.js": {"path":"C:\\Users\\Duque\\Documents\\Procesadores_Lenguajes_Projects\\practica7\\lexer.js","statementMap":{"0":{"start":{"line":19,"column":23},"end":{"line":19,"column":44}},"1":{"start":{"line":19,"column":39},"end":{"line":19,"column":43}},"2":{"start":{"line":20,"column":23},"end":{"line":20,"column":44}},"3":{"start":{"line":20,"column":39},"end":{"line":20,"column":43}},"4":{"start":{"line":21,"column":25},"end":{"line":21,"column":27}},"5":{"start":{"line":22,"column":4},"end":{"line":22,"column":66}},"6":{"start":{"line":22,"column":24},"end":{"line":22,"column":64}},"7":{"start":{"line":25,"column":26},"end":{"line":30,"column":5}},"8":{"start":{"line":26,"column":24},"end":{"line":26,"column":50}},"9":{"start":{"line":26,"column":41},"end":{"line":26,"column":49}},"10":{"start":{"line":27,"column":22},"end":{"line":27,"column":39}},"11":{"start":{"line":29,"column":8},"end":{"line":29,"column":39}},"12":{"start":{"line":32,"column":19},"end":{"line":32,"column":43}},"13":{"start":{"line":34,"column":21},"end":{"line":34,"column":87}},"14":{"start":{"line":34,"column":32},"end":{"line":34,"column":87}},"15":{"start":{"line":34,"column":54},"end":{"line":34,"column":86}},"16":{"start":{"line":36,"column":17},"end":{"line":36,"column":72}},"17":{"start":{"line":36,"column":35},"end":{"line":36,"column":70}},"18":{"start":{"line":38,"column":4},"end":{"line":53,"column":6}},"19":{"start":{"line":40,"column":21},"end":{"line":40,"column":23}},"20":{"start":{"line":41,"column":20},"end":{"line":41,"column":26}},"21":{"start":{"line":44,"column":8},"end":{"line":49,"column":9}},"22":{"start":{"line":45,"column":20},"end":{"line":45,"column":42}},"23":{"start":{"line":47,"column":12},"end":{"line":47,"column":54}},"24":{"start":{"line":48,"column":12},"end":{"line":48,"column":72}},"25":{"start":{"line":48,"column":33},"end":{"line":48,"column":72}},"26":{"start":{"line":50,"column":8},"end":{"line":51,"column":67}},"27":{"start":{"line":51,"column":12},"end":{"line":51,"column":67}},"28":{"start":{"line":52,"column":8},"end":{"line":52,"column":22}},"29":{"start":{"line":56,"column":0},"end":{"line":58,"column":1}}},"fnMap":{"0":{"name":"buildLexer","decl":{"start":{"line":18,"column":9},"end":{"line":18,"column":19}},"loc":{"start":{"line":18,"column":32},"end":{"line":54,"column":1}},"line":18},"1":{"name":"(anonymous_1)","decl":{"start":{"line":19,"column":34},"end":{"line":19,"column":35}},"loc":{"start":{"line":19,"column":39},"end":{"line":19,"column":43}},"line":19},"2":{"name":"(anonymous_2)","decl":{"start":{"line":20,"column":34},"end":{"line":20,"column":35}},"loc":{"start":{"line":20,"column":39},"end":{"line":20,"column":43}},"line":20},"3":{"name":"(anonymous_3)","decl":{"start":{"line":22,"column":19},"end":{"line":22,"column":20}},"loc":{"start":{"line":22,"column":24},"end":{"line":22,"column":64}},"line":22},"4":{"name":"(anonymous_4)","decl":{"start":{"line":25,"column":26},"end":{"line":25,"column":27}},"loc":{"start":{"line":25,"column":39},"end":{"line":30,"column":5}},"line":25},"5":{"name":"(anonymous_5)","decl":{"start":{"line":26,"column":36},"end":{"line":26,"column":37}},"loc":{"start":{"line":26,"column":41},"end":{"line":26,"column":49}},"line":26},"6":{"name":"(anonymous_6)","decl":{"start":{"line":34,"column":21},"end":{"line":34,"column":22}},"loc":{"start":{"line":34,"column":32},"end":{"line":34,"column":87}},"line":34},"7":{"name":"(anonymous_7)","decl":{"start":{"line":34,"column":48},"end":{"line":34,"column":49}},"loc":{"start":{"line":34,"column":54},"end":{"line":34,"column":86}},"line":34},"8":{"name":"(anonymous_8)","decl":{"start":{"line":36,"column":17},"end":{"line":36,"column":18}},"loc":{"start":{"line":36,"column":33},"end":{"line":36,"column":72}},"line":36},"9":{"name":"(anonymous_9)","decl":{"start":{"line":38,"column":11},"end":{"line":38,"column":12}},"loc":{"start":{"line":38,"column":19},"end":{"line":53,"column":5}},"line":38}},"branchMap":{"0":{"loc":{"start":{"line":18,"column":20},"end":{"line":18,"column":31}},"type":"default-arg","locations":[{"start":{"line":18,"column":29},"end":{"line":18,"column":31}}],"line":18},"1":{"loc":{"start":{"line":22,"column":45},"end":{"line":22,"column":64}},"type":"cond-expr","locations":[{"start":{"line":22,"column":52},"end":{"line":22,"column":56}},{"start":{"line":22,"column":59},"end":{"line":22,"column":64}}],"line":22},"2":{"loc":{"start":{"line":48,"column":12},"end":{"line":48,"column":72}},"type":"if","locations":[{"start":{"line":48,"column":12},"end":{"line":48,"column":72}},{"start":{"line":48,"column":12},"end":{"line":48,"column":72}}],"line":48},"3":{"loc":{"start":{"line":50,"column":8},"end":{"line":51,"column":67}},"type":"if","locations":[{"start":{"line":50,"column":8},"end":{"line":51,"column":67}},{"start":{"line":50,"column":8},"end":{"line":51,"column":67}}],"line":50}},"s":{"0":1,"1":5,"2":1,"3":5,"4":1,"5":1,"6":5,"7":1,"8":1,"9":5,"10":1,"11":1,"12":1,"13":1,"14":27,"15":59,"16":1,"17":14,"18":1,"19":3,"20":3,"21":3,"22":27,"23":27,"24":27,"25":13,"26":3,"27":1,"28":3,"29":1},"f":{"0":1,"1":5,"2":5,"3":5,"4":1,"5":5,"6":27,"7":59,"8":14,"9":3},"b":{"0":[0],"1":[1,4],"2":[13,14],"3":[1,2]},"_coverageSchema":"1a1c01bbd47fc00a2c39e90264f33305004495a9","hash":"8477a1032afb20b6cb80ee1632a6e13a62458d28"}
}
