TN:
SF:lexer.js
FN:18,buildLexer
FN:19,(anonymous_1)
FN:20,(anonymous_2)
FN:22,(anonymous_3)
FN:25,(anonymous_4)
FN:26,(anonymous_5)
FN:34,(anonymous_6)
FN:34,(anonymous_7)
FN:36,(anonymous_8)
FN:38,(anonymous_9)
FNF:10
FNH:10
FNDA:1,buildLexer
FNDA:5,(anonymous_1)
FNDA:5,(anonymous_2)
FNDA:5,(anonymous_3)
FNDA:1,(anonymous_4)
FNDA:5,(anonymous_5)
FNDA:27,(anonymous_6)
FNDA:59,(anonymous_7)
FNDA:14,(anonymous_8)
FNDA:3,(anonymous_9)
DA:19,5
DA:20,5
DA:21,1
DA:22,5
DA:25,1
DA:26,5
DA:27,1
DA:29,1
DA:32,1
DA:34,59
DA:36,14
DA:38,1
DA:40,3
DA:41,3
DA:44,3
DA:45,27
DA:47,27
DA:48,27
DA:50,3
DA:51,1
DA:52,3
DA:56,1
LF:22
LH:22
BRDA:18,0,0,0
BRDA:22,1,0,1
BRDA:22,1,1,4
BRDA:48,2,0,13
BRDA:48,2,1,14
BRDA:50,3,0,1
BRDA:50,3,1,2
BRF:7
BRH:6
end_of_record
